ERROR - 2025-09-10 06:49:33 --> Error connecting to the database: mysqli_sql_exception: No connection could be made because the target machine actively refused it in C:\Users\USER\Documents\Elecomp Indonesia\GESID\gesid_portal (2)\gesid.id\system\Database\MySQLi\Connection.php:201
Stack trace:
#0 C:\Users\USER\Documents\Elecomp Indonesia\GESID\gesid_portal (2)\gesid.id\system\Database\MySQLi\Connection.php(201): mysqli->real_connect('localhost', 'root', Object(SensitiveParameterValue), 'db_gesid', 3306, '', 0)
#1 C:\Users\USER\Documents\Elecomp Indonesia\GESID\gesid_portal (2)\gesid.id\system\Database\BaseConnection.php(421): CodeIgniter\Database\MySQLi\Connection->connect(false)
#2 C:\Users\USER\Documents\Elecomp Indonesia\GESID\gesid_portal (2)\gesid.id\system\Database\BaseConnection.php(620): CodeIgniter\Database\BaseConnection->initialize()
#3 C:\Users\USER\Documents\Elecomp Indonesia\GESID\gesid_portal (2)\gesid.id\system\Database\BaseBuilder.php(1649): CodeIgniter\Database\BaseConnection->query('SELECT *\nFROM `...', Array, false)
#4 C:\Users\USER\Documents\Elecomp Indonesia\GESID\gesid_portal (2)\gesid.id\system\Model.php(286): CodeIgniter\Database\BaseBuilder->get()
#5 C:\Users\USER\Documents\Elecomp Indonesia\GESID\gesid_portal (2)\gesid.id\system\BaseModel.php(679): CodeIgniter\Model->doFindAll(0, 0)
#6 C:\Users\USER\Documents\Elecomp Indonesia\GESID\gesid_portal (2)\gesid.id\app\Controllers\Home.php(25): CodeIgniter\BaseModel->findAll()
#7 C:\Users\USER\Documents\Elecomp Indonesia\GESID\gesid_portal (2)\gesid.id\system\CodeIgniter.php(933): App\Controllers\Home->index()
#8 C:\Users\USER\Documents\Elecomp Indonesia\GESID\gesid_portal (2)\gesid.id\system\CodeIgniter.php(507): CodeIgniter\CodeIgniter->runController(Object(App\Controllers\Home))
#9 C:\Users\USER\Documents\Elecomp Indonesia\GESID\gesid_portal (2)\gesid.id\system\CodeIgniter.php(354): CodeIgniter\CodeIgniter->handleRequest(NULL, Object(Config\Cache), false)
#10 C:\Users\USER\Documents\Elecomp Indonesia\GESID\gesid_portal (2)\gesid.id\system\Boot.php(334): CodeIgniter\CodeIgniter->run()
#11 C:\Users\USER\Documents\Elecomp Indonesia\GESID\gesid_portal (2)\gesid.id\system\Boot.php(67): CodeIgniter\Boot::runCodeIgniter(Object(CodeIgniter\CodeIgniter))
#12 C:\Users\USER\Documents\Elecomp Indonesia\GESID\gesid_portal (2)\gesid.id\public\index.php(59): CodeIgniter\Boot::bootWeb(Object(Config\Paths))
#13 C:\Users\USER\Documents\Elecomp Indonesia\GESID\gesid_portal (2)\gesid.id\system\rewrite.php(44): require_once('C:\\Users\\USER\\D...')
#14 {main}

Next CodeIgniter\Database\Exceptions\DatabaseException: No connection could be made because the target machine actively refused it in C:\Users\USER\Documents\Elecomp Indonesia\GESID\gesid_portal (2)\gesid.id\system\Database\MySQLi\Connection.php:246
Stack trace:
#0 C:\Users\USER\Documents\Elecomp Indonesia\GESID\gesid_portal (2)\gesid.id\system\Database\BaseConnection.php(421): CodeIgniter\Database\MySQLi\Connection->connect(false)
#1 C:\Users\USER\Documents\Elecomp Indonesia\GESID\gesid_portal (2)\gesid.id\system\Database\BaseConnection.php(620): CodeIgniter\Database\BaseConnection->initialize()
#2 C:\Users\USER\Documents\Elecomp Indonesia\GESID\gesid_portal (2)\gesid.id\system\Database\BaseBuilder.php(1649): CodeIgniter\Database\BaseConnection->query('SELECT *\nFROM `...', Array, false)
#3 C:\Users\USER\Documents\Elecomp Indonesia\GESID\gesid_portal (2)\gesid.id\system\Model.php(286): CodeIgniter\Database\BaseBuilder->get()
#4 C:\Users\USER\Documents\Elecomp Indonesia\GESID\gesid_portal (2)\gesid.id\system\BaseModel.php(679): CodeIgniter\Model->doFindAll(0, 0)
#5 C:\Users\USER\Documents\Elecomp Indonesia\GESID\gesid_portal (2)\gesid.id\app\Controllers\Home.php(25): CodeIgniter\BaseModel->findAll()
#6 C:\Users\USER\Documents\Elecomp Indonesia\GESID\gesid_portal (2)\gesid.id\system\CodeIgniter.php(933): App\Controllers\Home->index()
#7 C:\Users\USER\Documents\Elecomp Indonesia\GESID\gesid_portal (2)\gesid.id\system\CodeIgniter.php(507): CodeIgniter\CodeIgniter->runController(Object(App\Controllers\Home))
#8 C:\Users\USER\Documents\Elecomp Indonesia\GESID\gesid_portal (2)\gesid.id\system\CodeIgniter.php(354): CodeIgniter\CodeIgniter->handleRequest(NULL, Object(Config\Cache), false)
#9 C:\Users\USER\Documents\Elecomp Indonesia\GESID\gesid_portal (2)\gesid.id\system\Boot.php(334): CodeIgniter\CodeIgniter->run()
#10 C:\Users\USER\Documents\Elecomp Indonesia\GESID\gesid_portal (2)\gesid.id\system\Boot.php(67): CodeIgniter\Boot::runCodeIgniter(Object(CodeIgniter\CodeIgniter))
#11 C:\Users\USER\Documents\Elecomp Indonesia\GESID\gesid_portal (2)\gesid.id\public\index.php(59): CodeIgniter\Boot::bootWeb(Object(Config\Paths))
#12 C:\Users\USER\Documents\Elecomp Indonesia\GESID\gesid_portal (2)\gesid.id\system\rewrite.php(44): require_once('C:\\Users\\USER\\D...')
#13 {main}
CRITICAL - 2025-09-10 06:49:33 --> CodeIgniter\Database\Exceptions\DatabaseException: Unable to connect to the database.
Main connection [MySQLi]: No connection could be made because the target machine actively refused it
[Method: GET, Route: /]
in SYSTEMPATH\Database\BaseConnection.php on line 467.
 1 SYSTEMPATH\Database\BaseConnection.php(620): CodeIgniter\Database\BaseConnection->initialize()
 2 SYSTEMPATH\Database\BaseBuilder.php(1649): CodeIgniter\Database\BaseConnection->query('SELECT *
FROM `tb_artikel`
ORDER BY `tanggal_publikasi` DESC
 LIMIT 4', [], false)
 3 SYSTEMPATH\Model.php(286): CodeIgniter\Database\BaseBuilder->get()
 4 SYSTEMPATH\BaseModel.php(679): CodeIgniter\Model->doFindAll(0, 0)
 5 APPPATH\Controllers\Home.php(25): CodeIgniter\BaseModel->findAll()
 6 SYSTEMPATH\CodeIgniter.php(933): App\Controllers\Home->index()
 7 SYSTEMPATH\CodeIgniter.php(507): CodeIgniter\CodeIgniter->runController(Object(App\Controllers\Home))
 8 SYSTEMPATH\CodeIgniter.php(354): CodeIgniter\CodeIgniter->handleRequest(null, Object(Config\Cache), false)
 9 SYSTEMPATH\Boot.php(334): CodeIgniter\CodeIgniter->run()
10 SYSTEMPATH\Boot.php(67): CodeIgniter\Boot::runCodeIgniter(Object(CodeIgniter\CodeIgniter))
11 FCPATH\index.php(59): CodeIgniter\Boot::bootWeb(Object(Config\Paths))
12 SYSTEMPATH\rewrite.php(44): require_once('C:\\Users\\USER\\Documents\\Elecomp Indonesia\\GESID\\gesid_portal (2)\\gesid.id\\public\\index.php')
ERROR - 2025-09-10 06:49:43 --> Error connecting to the database: mysqli_sql_exception: MySQL server has gone away in C:\Users\USER\Documents\Elecomp Indonesia\GESID\gesid_portal (2)\gesid.id\system\Database\MySQLi\Connection.php:201
Stack trace:
#0 C:\Users\USER\Documents\Elecomp Indonesia\GESID\gesid_portal (2)\gesid.id\system\Database\MySQLi\Connection.php(201): mysqli->real_connect('localhost', 'root', Object(SensitiveParameterValue), 'db_gesid', 3306, '', 0)
#1 C:\Users\USER\Documents\Elecomp Indonesia\GESID\gesid_portal (2)\gesid.id\system\Database\BaseConnection.php(421): CodeIgniter\Database\MySQLi\Connection->connect(false)
#2 C:\Users\USER\Documents\Elecomp Indonesia\GESID\gesid_portal (2)\gesid.id\system\Database\BaseConnection.php(620): CodeIgniter\Database\BaseConnection->initialize()
#3 C:\Users\USER\Documents\Elecomp Indonesia\GESID\gesid_portal (2)\gesid.id\system\Database\BaseBuilder.php(1649): CodeIgniter\Database\BaseConnection->query('SELECT *\nFROM `...', Array, false)
#4 C:\Users\USER\Documents\Elecomp Indonesia\GESID\gesid_portal (2)\gesid.id\system\Model.php(286): CodeIgniter\Database\BaseBuilder->get()
#5 C:\Users\USER\Documents\Elecomp Indonesia\GESID\gesid_portal (2)\gesid.id\system\BaseModel.php(679): CodeIgniter\Model->doFindAll(0, 0)
#6 C:\Users\USER\Documents\Elecomp Indonesia\GESID\gesid_portal (2)\gesid.id\app\Controllers\Home.php(25): CodeIgniter\BaseModel->findAll()
#7 C:\Users\USER\Documents\Elecomp Indonesia\GESID\gesid_portal (2)\gesid.id\system\CodeIgniter.php(933): App\Controllers\Home->index()
#8 C:\Users\USER\Documents\Elecomp Indonesia\GESID\gesid_portal (2)\gesid.id\system\CodeIgniter.php(507): CodeIgniter\CodeIgniter->runController(Object(App\Controllers\Home))
#9 C:\Users\USER\Documents\Elecomp Indonesia\GESID\gesid_portal (2)\gesid.id\system\CodeIgniter.php(354): CodeIgniter\CodeIgniter->handleRequest(NULL, Object(Config\Cache), false)
#10 C:\Users\USER\Documents\Elecomp Indonesia\GESID\gesid_portal (2)\gesid.id\system\Boot.php(334): CodeIgniter\CodeIgniter->run()
#11 C:\Users\USER\Documents\Elecomp Indonesia\GESID\gesid_portal (2)\gesid.id\system\Boot.php(67): CodeIgniter\Boot::runCodeIgniter(Object(CodeIgniter\CodeIgniter))
#12 C:\Users\USER\Documents\Elecomp Indonesia\GESID\gesid_portal (2)\gesid.id\public\index.php(59): CodeIgniter\Boot::bootWeb(Object(Config\Paths))
#13 C:\Users\USER\Documents\Elecomp Indonesia\GESID\gesid_portal (2)\gesid.id\system\rewrite.php(44): require_once('C:\\Users\\USER\\D...')
#14 {main}

Next CodeIgniter\Database\Exceptions\DatabaseException: MySQL server has gone away in C:\Users\USER\Documents\Elecomp Indonesia\GESID\gesid_portal (2)\gesid.id\system\Database\MySQLi\Connection.php:246
Stack trace:
#0 C:\Users\USER\Documents\Elecomp Indonesia\GESID\gesid_portal (2)\gesid.id\system\Database\BaseConnection.php(421): CodeIgniter\Database\MySQLi\Connection->connect(false)
#1 C:\Users\USER\Documents\Elecomp Indonesia\GESID\gesid_portal (2)\gesid.id\system\Database\BaseConnection.php(620): CodeIgniter\Database\BaseConnection->initialize()
#2 C:\Users\USER\Documents\Elecomp Indonesia\GESID\gesid_portal (2)\gesid.id\system\Database\BaseBuilder.php(1649): CodeIgniter\Database\BaseConnection->query('SELECT *\nFROM `...', Array, false)
#3 C:\Users\USER\Documents\Elecomp Indonesia\GESID\gesid_portal (2)\gesid.id\system\Model.php(286): CodeIgniter\Database\BaseBuilder->get()
#4 C:\Users\USER\Documents\Elecomp Indonesia\GESID\gesid_portal (2)\gesid.id\system\BaseModel.php(679): CodeIgniter\Model->doFindAll(0, 0)
#5 C:\Users\USER\Documents\Elecomp Indonesia\GESID\gesid_portal (2)\gesid.id\app\Controllers\Home.php(25): CodeIgniter\BaseModel->findAll()
#6 C:\Users\USER\Documents\Elecomp Indonesia\GESID\gesid_portal (2)\gesid.id\system\CodeIgniter.php(933): App\Controllers\Home->index()
#7 C:\Users\USER\Documents\Elecomp Indonesia\GESID\gesid_portal (2)\gesid.id\system\CodeIgniter.php(507): CodeIgniter\CodeIgniter->runController(Object(App\Controllers\Home))
#8 C:\Users\USER\Documents\Elecomp Indonesia\GESID\gesid_portal (2)\gesid.id\system\CodeIgniter.php(354): CodeIgniter\CodeIgniter->handleRequest(NULL, Object(Config\Cache), false)
#9 C:\Users\USER\Documents\Elecomp Indonesia\GESID\gesid_portal (2)\gesid.id\system\Boot.php(334): CodeIgniter\CodeIgniter->run()
#10 C:\Users\USER\Documents\Elecomp Indonesia\GESID\gesid_portal (2)\gesid.id\system\Boot.php(67): CodeIgniter\Boot::runCodeIgniter(Object(CodeIgniter\CodeIgniter))
#11 C:\Users\USER\Documents\Elecomp Indonesia\GESID\gesid_portal (2)\gesid.id\public\index.php(59): CodeIgniter\Boot::bootWeb(Object(Config\Paths))
#12 C:\Users\USER\Documents\Elecomp Indonesia\GESID\gesid_portal (2)\gesid.id\system\rewrite.php(44): require_once('C:\\Users\\USER\\D...')
#13 {main}
CRITICAL - 2025-09-10 06:49:43 --> CodeIgniter\Database\Exceptions\DatabaseException: Unable to connect to the database.
Main connection [MySQLi]: MySQL server has gone away
[Method: GET, Route: /]
in SYSTEMPATH\Database\BaseConnection.php on line 467.
 1 SYSTEMPATH\Database\BaseConnection.php(620): CodeIgniter\Database\BaseConnection->initialize()
 2 SYSTEMPATH\Database\BaseBuilder.php(1649): CodeIgniter\Database\BaseConnection->query('SELECT *
FROM `tb_artikel`
ORDER BY `tanggal_publikasi` DESC
 LIMIT 4', [], false)
 3 SYSTEMPATH\Model.php(286): CodeIgniter\Database\BaseBuilder->get()
 4 SYSTEMPATH\BaseModel.php(679): CodeIgniter\Model->doFindAll(0, 0)
 5 APPPATH\Controllers\Home.php(25): CodeIgniter\BaseModel->findAll()
 6 SYSTEMPATH\CodeIgniter.php(933): App\Controllers\Home->index()
 7 SYSTEMPATH\CodeIgniter.php(507): CodeIgniter\CodeIgniter->runController(Object(App\Controllers\Home))
 8 SYSTEMPATH\CodeIgniter.php(354): CodeIgniter\CodeIgniter->handleRequest(null, Object(Config\Cache), false)
 9 SYSTEMPATH\Boot.php(334): CodeIgniter\CodeIgniter->run()
10 SYSTEMPATH\Boot.php(67): CodeIgniter\Boot::runCodeIgniter(Object(CodeIgniter\CodeIgniter))
11 FCPATH\index.php(59): CodeIgniter\Boot::bootWeb(Object(Config\Paths))
12 SYSTEMPATH\rewrite.php(44): require_once('C:\\Users\\USER\\Documents\\Elecomp Indonesia\\GESID\\gesid_portal (2)\\gesid.id\\public\\index.php')
ERROR - 2025-09-10 06:49:51 --> Error connecting to the database: ErrorException: mysqli::real_connect(): Error while reading greeting packet. PID=28100 in C:\Users\USER\Documents\Elecomp Indonesia\GESID\gesid_portal (2)\gesid.id\system\Database\MySQLi\Connection.php:201
Stack trace:
#0 [internal function]: CodeIgniter\Debug\Exceptions->errorHandler(2, 'mysqli::real_co...', 'C:\\Users\\USER\\D...', 201)
#1 C:\Users\USER\Documents\Elecomp Indonesia\GESID\gesid_portal (2)\gesid.id\system\Database\MySQLi\Connection.php(201): mysqli->real_connect('localhost', 'root', Object(SensitiveParameterValue), 'db_gesid', 3306, '', 0)
#2 C:\Users\USER\Documents\Elecomp Indonesia\GESID\gesid_portal (2)\gesid.id\system\Database\BaseConnection.php(421): CodeIgniter\Database\MySQLi\Connection->connect(false)
#3 C:\Users\USER\Documents\Elecomp Indonesia\GESID\gesid_portal (2)\gesid.id\system\Database\BaseConnection.php(620): CodeIgniter\Database\BaseConnection->initialize()
#4 C:\Users\USER\Documents\Elecomp Indonesia\GESID\gesid_portal (2)\gesid.id\system\Database\BaseBuilder.php(1649): CodeIgniter\Database\BaseConnection->query('SELECT *\nFROM `...', Array, false)
#5 C:\Users\USER\Documents\Elecomp Indonesia\GESID\gesid_portal (2)\gesid.id\system\Model.php(286): CodeIgniter\Database\BaseBuilder->get()
#6 C:\Users\USER\Documents\Elecomp Indonesia\GESID\gesid_portal (2)\gesid.id\system\BaseModel.php(679): CodeIgniter\Model->doFindAll(0, 0)
#7 C:\Users\USER\Documents\Elecomp Indonesia\GESID\gesid_portal (2)\gesid.id\app\Controllers\Home.php(25): CodeIgniter\BaseModel->findAll()
#8 C:\Users\USER\Documents\Elecomp Indonesia\GESID\gesid_portal (2)\gesid.id\system\CodeIgniter.php(933): App\Controllers\Home->index()
#9 C:\Users\USER\Documents\Elecomp Indonesia\GESID\gesid_portal (2)\gesid.id\system\CodeIgniter.php(507): CodeIgniter\CodeIgniter->runController(Object(App\Controllers\Home))
#10 C:\Users\USER\Documents\Elecomp Indonesia\GESID\gesid_portal (2)\gesid.id\system\CodeIgniter.php(354): CodeIgniter\CodeIgniter->handleRequest(NULL, Object(Config\Cache), false)
#11 C:\Users\USER\Documents\Elecomp Indonesia\GESID\gesid_portal (2)\gesid.id\system\Boot.php(334): CodeIgniter\CodeIgniter->run()
#12 C:\Users\USER\Documents\Elecomp Indonesia\GESID\gesid_portal (2)\gesid.id\system\Boot.php(67): CodeIgniter\Boot::runCodeIgniter(Object(CodeIgniter\CodeIgniter))
#13 C:\Users\USER\Documents\Elecomp Indonesia\GESID\gesid_portal (2)\gesid.id\public\index.php(59): CodeIgniter\Boot::bootWeb(Object(Config\Paths))
#14 C:\Users\USER\Documents\Elecomp Indonesia\GESID\gesid_portal (2)\gesid.id\system\rewrite.php(44): require_once('C:\\Users\\USER\\D...')
#15 {main}

Next mysqli_sql_exception: MySQL server has gone away in C:\Users\USER\Documents\Elecomp Indonesia\GESID\gesid_portal (2)\gesid.id\system\Database\MySQLi\Connection.php:201
Stack trace:
#0 C:\Users\USER\Documents\Elecomp Indonesia\GESID\gesid_portal (2)\gesid.id\system\Database\MySQLi\Connection.php(201): mysqli->real_connect('localhost', 'root', Object(SensitiveParameterValue), 'db_gesid', 3306, '', 0)
#1 C:\Users\USER\Documents\Elecomp Indonesia\GESID\gesid_portal (2)\gesid.id\system\Database\BaseConnection.php(421): CodeIgniter\Database\MySQLi\Connection->connect(false)
#2 C:\Users\USER\Documents\Elecomp Indonesia\GESID\gesid_portal (2)\gesid.id\system\Database\BaseConnection.php(620): CodeIgniter\Database\BaseConnection->initialize()
#3 C:\Users\USER\Documents\Elecomp Indonesia\GESID\gesid_portal (2)\gesid.id\system\Database\BaseBuilder.php(1649): CodeIgniter\Database\BaseConnection->query('SELECT *\nFROM `...', Array, false)
#4 C:\Users\USER\Documents\Elecomp Indonesia\GESID\gesid_portal (2)\gesid.id\system\Model.php(286): CodeIgniter\Database\BaseBuilder->get()
#5 C:\Users\USER\Documents\Elecomp Indonesia\GESID\gesid_portal (2)\gesid.id\system\BaseModel.php(679): CodeIgniter\Model->doFindAll(0, 0)
#6 C:\Users\USER\Documents\Elecomp Indonesia\GESID\gesid_portal (2)\gesid.id\app\Controllers\Home.php(25): CodeIgniter\BaseModel->findAll()
#7 C:\Users\USER\Documents\Elecomp Indonesia\GESID\gesid_portal (2)\gesid.id\system\CodeIgniter.php(933): App\Controllers\Home->index()
#8 C:\Users\USER\Documents\Elecomp Indonesia\GESID\gesid_portal (2)\gesid.id\system\CodeIgniter.php(507): CodeIgniter\CodeIgniter->runController(Object(App\Controllers\Home))
#9 C:\Users\USER\Documents\Elecomp Indonesia\GESID\gesid_portal (2)\gesid.id\system\CodeIgniter.php(354): CodeIgniter\CodeIgniter->handleRequest(NULL, Object(Config\Cache), false)
#10 C:\Users\USER\Documents\Elecomp Indonesia\GESID\gesid_portal (2)\gesid.id\system\Boot.php(334): CodeIgniter\CodeIgniter->run()
#11 C:\Users\USER\Documents\Elecomp Indonesia\GESID\gesid_portal (2)\gesid.id\system\Boot.php(67): CodeIgniter\Boot::runCodeIgniter(Object(CodeIgniter\CodeIgniter))
#12 C:\Users\USER\Documents\Elecomp Indonesia\GESID\gesid_portal (2)\gesid.id\public\index.php(59): CodeIgniter\Boot::bootWeb(Object(Config\Paths))
#13 C:\Users\USER\Documents\Elecomp Indonesia\GESID\gesid_portal (2)\gesid.id\system\rewrite.php(44): require_once('C:\\Users\\USER\\D...')
#14 {main}

Next CodeIgniter\Database\Exceptions\DatabaseException: MySQL server has gone away in C:\Users\USER\Documents\Elecomp Indonesia\GESID\gesid_portal (2)\gesid.id\system\Database\MySQLi\Connection.php:246
Stack trace:
#0 C:\Users\USER\Documents\Elecomp Indonesia\GESID\gesid_portal (2)\gesid.id\system\Database\BaseConnection.php(421): CodeIgniter\Database\MySQLi\Connection->connect(false)
#1 C:\Users\USER\Documents\Elecomp Indonesia\GESID\gesid_portal (2)\gesid.id\system\Database\BaseConnection.php(620): CodeIgniter\Database\BaseConnection->initialize()
#2 C:\Users\USER\Documents\Elecomp Indonesia\GESID\gesid_portal (2)\gesid.id\system\Database\BaseBuilder.php(1649): CodeIgniter\Database\BaseConnection->query('SELECT *\nFROM `...', Array, false)
#3 C:\Users\USER\Documents\Elecomp Indonesia\GESID\gesid_portal (2)\gesid.id\system\Model.php(286): CodeIgniter\Database\BaseBuilder->get()
#4 C:\Users\USER\Documents\Elecomp Indonesia\GESID\gesid_portal (2)\gesid.id\system\BaseModel.php(679): CodeIgniter\Model->doFindAll(0, 0)
#5 C:\Users\USER\Documents\Elecomp Indonesia\GESID\gesid_portal (2)\gesid.id\app\Controllers\Home.php(25): CodeIgniter\BaseModel->findAll()
#6 C:\Users\USER\Documents\Elecomp Indonesia\GESID\gesid_portal (2)\gesid.id\system\CodeIgniter.php(933): App\Controllers\Home->index()
#7 C:\Users\USER\Documents\Elecomp Indonesia\GESID\gesid_portal (2)\gesid.id\system\CodeIgniter.php(507): CodeIgniter\CodeIgniter->runController(Object(App\Controllers\Home))
#8 C:\Users\USER\Documents\Elecomp Indonesia\GESID\gesid_portal (2)\gesid.id\system\CodeIgniter.php(354): CodeIgniter\CodeIgniter->handleRequest(NULL, Object(Config\Cache), false)
#9 C:\Users\USER\Documents\Elecomp Indonesia\GESID\gesid_portal (2)\gesid.id\system\Boot.php(334): CodeIgniter\CodeIgniter->run()
#10 C:\Users\USER\Documents\Elecomp Indonesia\GESID\gesid_portal (2)\gesid.id\system\Boot.php(67): CodeIgniter\Boot::runCodeIgniter(Object(CodeIgniter\CodeIgniter))
#11 C:\Users\USER\Documents\Elecomp Indonesia\GESID\gesid_portal (2)\gesid.id\public\index.php(59): CodeIgniter\Boot::bootWeb(Object(Config\Paths))
#12 C:\Users\USER\Documents\Elecomp Indonesia\GESID\gesid_portal (2)\gesid.id\system\rewrite.php(44): require_once('C:\\Users\\USER\\D...')
#13 {main}
CRITICAL - 2025-09-10 06:49:51 --> CodeIgniter\Database\Exceptions\DatabaseException: Unable to connect to the database.
Main connection [MySQLi]: MySQL server has gone away
[Method: GET, Route: /]
in SYSTEMPATH\Database\BaseConnection.php on line 467.
 1 SYSTEMPATH\Database\BaseConnection.php(620): CodeIgniter\Database\BaseConnection->initialize()
 2 SYSTEMPATH\Database\BaseBuilder.php(1649): CodeIgniter\Database\BaseConnection->query('SELECT *
FROM `tb_artikel`
ORDER BY `tanggal_publikasi` DESC
 LIMIT 4', [], false)
 3 SYSTEMPATH\Model.php(286): CodeIgniter\Database\BaseBuilder->get()
 4 SYSTEMPATH\BaseModel.php(679): CodeIgniter\Model->doFindAll(0, 0)
 5 APPPATH\Controllers\Home.php(25): CodeIgniter\BaseModel->findAll()
 6 SYSTEMPATH\CodeIgniter.php(933): App\Controllers\Home->index()
 7 SYSTEMPATH\CodeIgniter.php(507): CodeIgniter\CodeIgniter->runController(Object(App\Controllers\Home))
 8 SYSTEMPATH\CodeIgniter.php(354): CodeIgniter\CodeIgniter->handleRequest(null, Object(Config\Cache), false)
 9 SYSTEMPATH\Boot.php(334): CodeIgniter\CodeIgniter->run()
10 SYSTEMPATH\Boot.php(67): CodeIgniter\Boot::runCodeIgniter(Object(CodeIgniter\CodeIgniter))
11 FCPATH\index.php(59): CodeIgniter\Boot::bootWeb(Object(Config\Paths))
12 SYSTEMPATH\rewrite.php(44): require_once('C:\\Users\\USER\\Documents\\Elecomp Indonesia\\GESID\\gesid_portal (2)\\gesid.id\\public\\index.php')
DEBUG - 2025-09-10 06:50:04 --> Session: Class initialized using 'CodeIgniter\Session\Handlers\FileHandler' driver.
DEBUG - 2025-09-10 06:50:12 --> Session: Class initialized using 'CodeIgniter\Session\Handlers\FileHandler' driver.
DEBUG - 2025-09-10 06:50:12 --> Session: Class initialized using 'CodeIgniter\Session\Handlers\FileHandler' driver.
DEBUG - 2025-09-10 06:53:20 --> Session: Class initialized using 'CodeIgniter\Session\Handlers\FileHandler' driver.
DEBUG - 2025-09-10 06:56:33 --> Session: Class initialized using 'CodeIgniter\Session\Handlers\FileHandler' driver.
DEBUG - 2025-09-10 06:58:38 --> Session: Class initialized using 'CodeIgniter\Session\Handlers\FileHandler' driver.
DEBUG - 2025-09-10 06:58:38 --> Session: Class initialized using 'CodeIgniter\Session\Handlers\FileHandler' driver.
DEBUG - 2025-09-10 07:58:42 --> Session: Class initialized using 'CodeIgniter\Session\Handlers\FileHandler' driver.
DEBUG - 2025-09-10 07:58:42 --> Session: Class initialized using 'CodeIgniter\Session\Handlers\FileHandler' driver.
DEBUG - 2025-09-10 08:00:21 --> Session: Class initialized using 'CodeIgniter\Session\Handlers\FileHandler' driver.
DEBUG - 2025-09-10 08:00:21 --> Session: Class initialized using 'CodeIgniter\Session\Handlers\FileHandler' driver.
DEBUG - 2025-09-10 08:01:07 --> Session: Class initialized using 'CodeIgniter\Session\Handlers\FileHandler' driver.
DEBUG - 2025-09-10 08:01:07 --> Session: Class initialized using 'CodeIgniter\Session\Handlers\FileHandler' driver.
DEBUG - 2025-09-10 08:01:11 --> Session: Class initialized using 'CodeIgniter\Session\Handlers\FileHandler' driver.
DEBUG - 2025-09-10 08:01:23 --> Session: Class initialized using 'CodeIgniter\Session\Handlers\FileHandler' driver.
DEBUG - 2025-09-10 08:02:50 --> Session: Class initialized using 'CodeIgniter\Session\Handlers\FileHandler' driver.
DEBUG - 2025-09-10 08:02:53 --> Session: Class initialized using 'CodeIgniter\Session\Handlers\FileHandler' driver.
DEBUG - 2025-09-10 08:04:21 --> Session: Class initialized using 'CodeIgniter\Session\Handlers\FileHandler' driver.
DEBUG - 2025-09-10 08:04:38 --> Session: Class initialized using 'CodeIgniter\Session\Handlers\FileHandler' driver.
DEBUG - 2025-09-10 08:04:48 --> Session: Class initialized using 'CodeIgniter\Session\Handlers\FileHandler' driver.
DEBUG - 2025-09-10 08:05:03 --> Session: Class initialized using 'CodeIgniter\Session\Handlers\FileHandler' driver.
DEBUG - 2025-09-10 08:05:56 --> Session: Class initialized using 'CodeIgniter\Session\Handlers\FileHandler' driver.
DEBUG - 2025-09-10 08:05:56 --> Session: Class initialized using 'CodeIgniter\Session\Handlers\FileHandler' driver.
DEBUG - 2025-09-10 08:06:54 --> Session: Class initialized using 'CodeIgniter\Session\Handlers\FileHandler' driver.
DEBUG - 2025-09-10 08:06:55 --> Session: Class initialized using 'CodeIgniter\Session\Handlers\FileHandler' driver.
DEBUG - 2025-09-10 08:07:17 --> Session: Class initialized using 'CodeIgniter\Session\Handlers\FileHandler' driver.
DEBUG - 2025-09-10 08:07:21 --> Session: Class initialized using 'CodeIgniter\Session\Handlers\FileHandler' driver.
DEBUG - 2025-09-10 08:07:26 --> Session: Class initialized using 'CodeIgniter\Session\Handlers\FileHandler' driver.
DEBUG - 2025-09-10 08:07:27 --> Session: Class initialized using 'CodeIgniter\Session\Handlers\FileHandler' driver.
DEBUG - 2025-09-10 08:07:29 --> Session: Class initialized using 'CodeIgniter\Session\Handlers\FileHandler' driver.
DEBUG - 2025-09-10 08:07:54 --> Session: Class initialized using 'CodeIgniter\Session\Handlers\FileHandler' driver.
DEBUG - 2025-09-10 08:08:15 --> Session: Class initialized using 'CodeIgniter\Session\Handlers\FileHandler' driver.
DEBUG - 2025-09-10 08:09:03 --> Session: Class initialized using 'CodeIgniter\Session\Handlers\FileHandler' driver.
DEBUG - 2025-09-10 08:09:08 --> Session: Class initialized using 'CodeIgniter\Session\Handlers\FileHandler' driver.
DEBUG - 2025-09-10 08:09:09 --> Session: Class initialized using 'CodeIgniter\Session\Handlers\FileHandler' driver.
DEBUG - 2025-09-10 08:09:15 --> Session: Class initialized using 'CodeIgniter\Session\Handlers\FileHandler' driver.
DEBUG - 2025-09-10 08:09:15 --> Session: Class initialized using 'CodeIgniter\Session\Handlers\FileHandler' driver.
DEBUG - 2025-09-10 08:09:21 --> Session: Class initialized using 'CodeIgniter\Session\Handlers\FileHandler' driver.
DEBUG - 2025-09-10 08:09:21 --> Session: Class initialized using 'CodeIgniter\Session\Handlers\FileHandler' driver.
DEBUG - 2025-09-10 08:09:37 --> Session: Class initialized using 'CodeIgniter\Session\Handlers\FileHandler' driver.
DEBUG - 2025-09-10 08:09:37 --> Session: Class initialized using 'CodeIgniter\Session\Handlers\FileHandler' driver.
DEBUG - 2025-09-10 08:09:48 --> Session: Class initialized using 'CodeIgniter\Session\Handlers\FileHandler' driver.
DEBUG - 2025-09-10 08:09:53 --> Session: Class initialized using 'CodeIgniter\Session\Handlers\FileHandler' driver.
DEBUG - 2025-09-10 08:09:57 --> Session: Class initialized using 'CodeIgniter\Session\Handlers\FileHandler' driver.
DEBUG - 2025-09-10 08:09:59 --> Session: Class initialized using 'CodeIgniter\Session\Handlers\FileHandler' driver.
DEBUG - 2025-09-10 08:10:16 --> Session: Class initialized using 'CodeIgniter\Session\Handlers\FileHandler' driver.
DEBUG - 2025-09-10 08:11:22 --> Session: Class initialized using 'CodeIgniter\Session\Handlers\FileHandler' driver.
DEBUG - 2025-09-10 08:11:22 --> Session: Class initialized using 'CodeIgniter\Session\Handlers\FileHandler' driver.
DEBUG - 2025-09-10 08:11:41 --> Session: Class initialized using 'CodeIgniter\Session\Handlers\FileHandler' driver.
DEBUG - 2025-09-10 08:11:41 --> Session: Class initialized using 'CodeIgniter\Session\Handlers\FileHandler' driver.
DEBUG - 2025-09-10 08:11:49 --> Session: Class initialized using 'CodeIgniter\Session\Handlers\FileHandler' driver.
DEBUG - 2025-09-10 08:16:32 --> Session: Class initialized using 'CodeIgniter\Session\Handlers\FileHandler' driver.
DEBUG - 2025-09-10 08:16:32 --> Session: Class initialized using 'CodeIgniter\Session\Handlers\FileHandler' driver.
DEBUG - 2025-09-10 08:16:33 --> Session: Class initialized using 'CodeIgniter\Session\Handlers\FileHandler' driver.
DEBUG - 2025-09-10 08:18:01 --> Session: Class initialized using 'CodeIgniter\Session\Handlers\FileHandler' driver.
DEBUG - 2025-09-10 08:18:02 --> Session: Class initialized using 'CodeIgniter\Session\Handlers\FileHandler' driver.
DEBUG - 2025-09-10 08:18:03 --> Session: Class initialized using 'CodeIgniter\Session\Handlers\FileHandler' driver.
DEBUG - 2025-09-10 08:22:02 --> Session: Class initialized using 'CodeIgniter\Session\Handlers\FileHandler' driver.
DEBUG - 2025-09-10 08:25:35 --> Session: Class initialized using 'CodeIgniter\Session\Handlers\FileHandler' driver.
DEBUG - 2025-09-10 08:26:48 --> Session: Class initialized using 'CodeIgniter\Session\Handlers\FileHandler' driver.
DEBUG - 2025-09-10 08:28:48 --> Session: Class initialized using 'CodeIgniter\Session\Handlers\FileHandler' driver.
DEBUG - 2025-09-10 08:30:21 --> Session: Class initialized using 'CodeIgniter\Session\Handlers\FileHandler' driver.
DEBUG - 2025-09-10 08:30:21 --> Session: Class initialized using 'CodeIgniter\Session\Handlers\FileHandler' driver.
DEBUG - 2025-09-10 08:30:29 --> Session: Class initialized using 'CodeIgniter\Session\Handlers\FileHandler' driver.
DEBUG - 2025-09-10 08:30:29 --> Session: Class initialized using 'CodeIgniter\Session\Handlers\FileHandler' driver.
DEBUG - 2025-09-10 08:30:31 --> Session: Class initialized using 'CodeIgniter\Session\Handlers\FileHandler' driver.
DEBUG - 2025-09-10 08:30:38 --> Session: Class initialized using 'CodeIgniter\Session\Handlers\FileHandler' driver.
DEBUG - 2025-09-10 08:30:40 --> Session: Class initialized using 'CodeIgniter\Session\Handlers\FileHandler' driver.
DEBUG - 2025-09-10 08:30:42 --> Session: Class initialized using 'CodeIgniter\Session\Handlers\FileHandler' driver.
DEBUG - 2025-09-10 08:30:44 --> Session: Class initialized using 'CodeIgniter\Session\Handlers\FileHandler' driver.
DEBUG - 2025-09-10 08:30:45 --> Session: Class initialized using 'CodeIgniter\Session\Handlers\FileHandler' driver.
DEBUG - 2025-09-10 08:30:47 --> Session: Class initialized using 'CodeIgniter\Session\Handlers\FileHandler' driver.
DEBUG - 2025-09-10 08:30:51 --> Session: Class initialized using 'CodeIgniter\Session\Handlers\FileHandler' driver.
DEBUG - 2025-09-10 08:30:53 --> Session: Class initialized using 'CodeIgniter\Session\Handlers\FileHandler' driver.
DEBUG - 2025-09-10 08:31:03 --> Session: Class initialized using 'CodeIgniter\Session\Handlers\FileHandler' driver.
DEBUG - 2025-09-10 08:31:05 --> Session: Class initialized using 'CodeIgniter\Session\Handlers\FileHandler' driver.
DEBUG - 2025-09-10 08:31:14 --> Session: Class initialized using 'CodeIgniter\Session\Handlers\FileHandler' driver.
DEBUG - 2025-09-10 08:31:18 --> Session: Class initialized using 'CodeIgniter\Session\Handlers\FileHandler' driver.
DEBUG - 2025-09-10 08:31:20 --> Session: Class initialized using 'CodeIgniter\Session\Handlers\FileHandler' driver.
DEBUG - 2025-09-10 08:31:21 --> Session: Class initialized using 'CodeIgniter\Session\Handlers\FileHandler' driver.
DEBUG - 2025-09-10 08:31:22 --> Session: Class initialized using 'CodeIgniter\Session\Handlers\FileHandler' driver.
DEBUG - 2025-09-10 08:31:36 --> Session: Class initialized using 'CodeIgniter\Session\Handlers\FileHandler' driver.
DEBUG - 2025-09-10 08:31:36 --> Session: Class initialized using 'CodeIgniter\Session\Handlers\FileHandler' driver.
DEBUG - 2025-09-10 08:31:43 --> Session: Class initialized using 'CodeIgniter\Session\Handlers\FileHandler' driver.
DEBUG - 2025-09-10 08:31:43 --> Session: Class initialized using 'CodeIgniter\Session\Handlers\FileHandler' driver.
DEBUG - 2025-09-10 08:32:15 --> Session: Class initialized using 'CodeIgniter\Session\Handlers\FileHandler' driver.
DEBUG - 2025-09-10 08:32:16 --> Session: Class initialized using 'CodeIgniter\Session\Handlers\FileHandler' driver.
DEBUG - 2025-09-10 08:49:13 --> Session: Class initialized using 'CodeIgniter\Session\Handlers\FileHandler' driver.
DEBUG - 2025-09-10 08:49:16 --> Session: Class initialized using 'CodeIgniter\Session\Handlers\FileHandler' driver.
DEBUG - 2025-09-10 08:49:16 --> Session: Class initialized using 'CodeIgniter\Session\Handlers\FileHandler' driver.
DEBUG - 2025-09-10 08:54:13 --> Session: Class initialized using 'CodeIgniter\Session\Handlers\FileHandler' driver.
DEBUG - 2025-09-10 08:54:14 --> Session: Class initialized using 'CodeIgniter\Session\Handlers\FileHandler' driver.
DEBUG - 2025-09-10 08:54:17 --> Session: Class initialized using 'CodeIgniter\Session\Handlers\FileHandler' driver.
