DEBUG - 2025-08-24 02:59:28 --> Session: Class initialized using 'CodeIgniter\Session\Handlers\FileHandler' driver.
CRITICAL - 2025-08-24 02:59:28 --> CodeIgniter\View\Exceptions\ViewException: Invalid file: "admin//navbar_.php"
[Method: GET, Route: admin/bpn/adminbpw]
in SYSTEMPATH/Exceptions/FrameworkException.php on line 39.
 1 SYSTEMPATH/View/View.php(212): CodeIgniter\Exceptions\FrameworkException::forInvalidFile()
 2 SYSTEMPATH/View/View.php(475): CodeIgniter\View\View->render()
 3 APPPATH/Views/admin/layout/base_admin_template.php(23): CodeIgniter\View\View->include()
 4 SYSTEMPATH/View/View.php(224): include('/home/k9170490/gesid.id/app/Views/admin/layout/base_admin_template.php')
 5 SYSTEMPATH/View/View.php(227): CodeIgniter\View\View->CodeIgniter\View\{closure}()
 6 SYSTEMPATH/View/View.php(240): CodeIgniter\View\View->render()
 7 SYSTEMPATH/Common.php(1173): CodeIgniter\View\View->render()
 8 APPPATH/Controllers/admin/TambahAdmin/BpwController.php(29): view()
 9 SYSTEMPATH/CodeIgniter.php(933): App\Controllers\admin\TambahAdmin\BpwController->index()
10 SYSTEMPATH/CodeIgniter.php(507): CodeIgniter\CodeIgniter->runController()
11 SYSTEMPATH/CodeIgniter.php(354): CodeIgniter\CodeIgniter->handleRequest()
12 SYSTEMPATH/Boot.php(334): CodeIgniter\CodeIgniter->run()
13 SYSTEMPATH/Boot.php(67): CodeIgniter\Boot::runCodeIgniter()
14 FCPATH/index.php(62): CodeIgniter\Boot::bootWeb()
DEBUG - 2025-08-24 02:59:46 --> Session: Class initialized using 'CodeIgniter\Session\Handlers\FileHandler' driver.
CRITICAL - 2025-08-24 02:59:46 --> CodeIgniter\View\Exceptions\ViewException: Invalid file: "admin//navbar_.php"
[Method: GET, Route: admin/superadmin/adminbpn]
in SYSTEMPATH/Exceptions/FrameworkException.php on line 39.
 1 SYSTEMPATH/View/View.php(212): CodeIgniter\Exceptions\FrameworkException::forInvalidFile()
 2 SYSTEMPATH/View/View.php(475): CodeIgniter\View\View->render()
 3 APPPATH/Views/admin/layout/base_admin_template.php(23): CodeIgniter\View\View->include()
 4 SYSTEMPATH/View/View.php(224): include('/home/k9170490/gesid.id/app/Views/admin/layout/base_admin_template.php')
 5 SYSTEMPATH/View/View.php(227): CodeIgniter\View\View->CodeIgniter\View\{closure}()
 6 SYSTEMPATH/View/View.php(240): CodeIgniter\View\View->render()
 7 SYSTEMPATH/Common.php(1173): CodeIgniter\View\View->render()
 8 APPPATH/Controllers/admin/TambahAdmin/BpnController.php(24): view()
 9 SYSTEMPATH/CodeIgniter.php(933): App\Controllers\admin\TambahAdmin\BpnController->index()
10 SYSTEMPATH/CodeIgniter.php(507): CodeIgniter\CodeIgniter->runController()
11 SYSTEMPATH/CodeIgniter.php(354): CodeIgniter\CodeIgniter->handleRequest()
12 SYSTEMPATH/Boot.php(334): CodeIgniter\CodeIgniter->run()
13 SYSTEMPATH/Boot.php(67): CodeIgniter\Boot::runCodeIgniter()
14 FCPATH/index.php(62): CodeIgniter\Boot::bootWeb()
DEBUG - 2025-08-24 03:00:05 --> Session: Class initialized using 'CodeIgniter\Session\Handlers\FileHandler' driver.
CRITICAL - 2025-08-24 03:00:05 --> CodeIgniter\View\Exceptions\ViewException: Invalid file: "admin//navbar_.php"
[Method: GET, Route: admin/bpn/data-member]
in SYSTEMPATH/Exceptions/FrameworkException.php on line 39.
 1 SYSTEMPATH/View/View.php(212): CodeIgniter\Exceptions\FrameworkException::forInvalidFile()
 2 SYSTEMPATH/View/View.php(475): CodeIgniter\View\View->render()
 3 APPPATH/Views/admin/layout/base_admin_template.php(23): CodeIgniter\View\View->include()
 4 SYSTEMPATH/View/View.php(224): include('/home/k9170490/gesid.id/app/Views/admin/layout/base_admin_template.php')
 5 SYSTEMPATH/View/View.php(227): CodeIgniter\View\View->CodeIgniter\View\{closure}()
 6 SYSTEMPATH/View/View.php(240): CodeIgniter\View\View->render()
 7 SYSTEMPATH/Common.php(1173): CodeIgniter\View\View->render()
 8 APPPATH/Controllers/admin/Bpn.php(49): view()
 9 SYSTEMPATH/CodeIgniter.php(933): App\Controllers\Admin\Bpn->dataMember()
10 SYSTEMPATH/CodeIgniter.php(507): CodeIgniter\CodeIgniter->runController()
11 SYSTEMPATH/CodeIgniter.php(354): CodeIgniter\CodeIgniter->handleRequest()
12 SYSTEMPATH/Boot.php(334): CodeIgniter\CodeIgniter->run()
13 SYSTEMPATH/Boot.php(67): CodeIgniter\Boot::runCodeIgniter()
14 FCPATH/index.php(62): CodeIgniter\Boot::bootWeb()
DEBUG - 2025-08-24 03:00:24 --> Session: Class initialized using 'CodeIgniter\Session\Handlers\FileHandler' driver.
CRITICAL - 2025-08-24 03:00:24 --> CodeIgniter\View\Exceptions\ViewException: Invalid file: "admin//navbar_.php"
[Method: GET, Route: admin/superadmin/data-member]
in SYSTEMPATH/Exceptions/FrameworkException.php on line 39.
 1 SYSTEMPATH/View/View.php(212): CodeIgniter\Exceptions\FrameworkException::forInvalidFile()
 2 SYSTEMPATH/View/View.php(475): CodeIgniter\View\View->render()
 3 APPPATH/Views/admin/layout/base_admin_template.php(23): CodeIgniter\View\View->include()
 4 SYSTEMPATH/View/View.php(224): include('/home/k9170490/gesid.id/app/Views/admin/layout/base_admin_template.php')
 5 SYSTEMPATH/View/View.php(227): CodeIgniter\View\View->CodeIgniter\View\{closure}()
 6 SYSTEMPATH/View/View.php(240): CodeIgniter\View\View->render()
 7 SYSTEMPATH/Common.php(1173): CodeIgniter\View\View->render()
 8 APPPATH/Controllers/admin/superadmin.php(48): view()
 9 SYSTEMPATH/CodeIgniter.php(933): App\Controllers\Admin\Superadmin->dataMember()
10 SYSTEMPATH/CodeIgniter.php(507): CodeIgniter\CodeIgniter->runController()
11 SYSTEMPATH/CodeIgniter.php(354): CodeIgniter\CodeIgniter->handleRequest()
12 SYSTEMPATH/Boot.php(334): CodeIgniter\CodeIgniter->run()
13 SYSTEMPATH/Boot.php(67): CodeIgniter\Boot::runCodeIgniter()
14 FCPATH/index.php(62): CodeIgniter\Boot::bootWeb()
DEBUG - 2025-08-24 03:02:20 --> Session: Class initialized using 'CodeIgniter\Session\Handlers\FileHandler' driver.
CRITICAL - 2025-08-24 03:02:20 --> CodeIgniter\View\Exceptions\ViewException: Invalid file: "admin//navbar_.php"
[Method: GET, Route: admin/bpn/adminbpw/edit/1]
in SYSTEMPATH/Exceptions/FrameworkException.php on line 39.
 1 SYSTEMPATH/View/View.php(212): CodeIgniter\Exceptions\FrameworkException::forInvalidFile()
 2 SYSTEMPATH/View/View.php(475): CodeIgniter\View\View->render()
 3 APPPATH/Views/admin/layout/base_admin_template.php(23): CodeIgniter\View\View->include()
 4 SYSTEMPATH/View/View.php(224): include('/home/k9170490/gesid.id/app/Views/admin/layout/base_admin_template.php')
 5 SYSTEMPATH/View/View.php(227): CodeIgniter\View\View->CodeIgniter\View\{closure}()
 6 SYSTEMPATH/View/View.php(240): CodeIgniter\View\View->render()
 7 SYSTEMPATH/Common.php(1173): CodeIgniter\View\View->render()
 8 APPPATH/Controllers/admin/TambahAdmin/BpwController.php(62): view()
 9 SYSTEMPATH/CodeIgniter.php(933): App\Controllers\admin\TambahAdmin\BpwController->edit()
10 SYSTEMPATH/CodeIgniter.php(507): CodeIgniter\CodeIgniter->runController()
11 SYSTEMPATH/CodeIgniter.php(354): CodeIgniter\CodeIgniter->handleRequest()
12 SYSTEMPATH/Boot.php(334): CodeIgniter\CodeIgniter->run()
13 SYSTEMPATH/Boot.php(67): CodeIgniter\Boot::runCodeIgniter()
14 FCPATH/index.php(62): CodeIgniter\Boot::bootWeb()
INFO - 2025-08-24 04:14:19 --> REDIRECTED ROUTE at https://gesid.id/
INFO - 2025-08-24 05:09:12 --> REDIRECTED ROUTE at https://gesid.id/
INFO - 2025-08-24 05:40:28 --> REDIRECTED ROUTE at https://gesid.id/
INFO - 2025-08-24 05:41:54 --> REDIRECTED ROUTE at https://gesid.id/
INFO - 2025-08-24 05:50:12 --> REDIRECTED ROUTE at https://gesid.id/
INFO - 2025-08-24 05:51:22 --> REDIRECTED ROUTE at https://gesid.id/
INFO - 2025-08-24 06:07:30 --> REDIRECTED ROUTE at https://gesid.id/
INFO - 2025-08-24 07:07:11 --> REDIRECTED ROUTE at https://gesid.id/
INFO - 2025-08-24 08:15:16 --> REDIRECTED ROUTE at https://gesid.id/
INFO - 2025-08-24 13:15:13 --> REDIRECTED ROUTE at https://gesid.id/
INFO - 2025-08-24 13:24:56 --> REDIRECTED ROUTE at https://gesid.id/
DEBUG - 2025-08-24 15:24:32 --> Session: Class initialized using 'CodeIgniter\Session\Handlers\FileHandler' driver.
DEBUG - 2025-08-24 15:24:37 --> Session: Class initialized using 'CodeIgniter\Session\Handlers\FileHandler' driver.
DEBUG - 2025-08-24 15:24:37 --> Session: Class initialized using 'CodeIgniter\Session\Handlers\FileHandler' driver.
DEBUG - 2025-08-24 15:33:10 --> Session: Class initialized using 'CodeIgniter\Session\Handlers\FileHandler' driver.
DEBUG - 2025-08-24 15:33:16 --> Session: Class initialized using 'CodeIgniter\Session\Handlers\FileHandler' driver.
DEBUG - 2025-08-24 15:33:16 --> Session: Class initialized using 'CodeIgniter\Session\Handlers\FileHandler' driver.
DEBUG - 2025-08-24 15:33:18 --> Session: Class initialized using 'CodeIgniter\Session\Handlers\FileHandler' driver.
DEBUG - 2025-08-24 15:34:44 --> Session: Class initialized using 'CodeIgniter\Session\Handlers\FileHandler' driver.
DEBUG - 2025-08-24 15:34:50 --> Session: Class initialized using 'CodeIgniter\Session\Handlers\FileHandler' driver.
DEBUG - 2025-08-24 15:35:00 --> Session: Class initialized using 'CodeIgniter\Session\Handlers\FileHandler' driver.
DEBUG - 2025-08-24 15:35:01 --> Session: Class initialized using 'CodeIgniter\Session\Handlers\FileHandler' driver.
DEBUG - 2025-08-24 15:36:32 --> Session: Class initialized using 'CodeIgniter\Session\Handlers\FileHandler' driver.
DEBUG - 2025-08-24 15:36:37 --> Session: Class initialized using 'CodeIgniter\Session\Handlers\FileHandler' driver.
DEBUG - 2025-08-24 15:36:40 --> Session: Class initialized using 'CodeIgniter\Session\Handlers\FileHandler' driver.
DEBUG - 2025-08-24 15:36:43 --> Session: Class initialized using 'CodeIgniter\Session\Handlers\FileHandler' driver.
DEBUG - 2025-08-24 15:36:54 --> Session: Class initialized using 'CodeIgniter\Session\Handlers\FileHandler' driver.
DEBUG - 2025-08-24 15:36:54 --> Session: Class initialized using 'CodeIgniter\Session\Handlers\FileHandler' driver.
DEBUG - 2025-08-24 15:37:06 --> Session: Class initialized using 'CodeIgniter\Session\Handlers\FileHandler' driver.
DEBUG - 2025-08-24 15:37:06 --> Session: Class initialized using 'CodeIgniter\Session\Handlers\FileHandler' driver.
DEBUG - 2025-08-24 19:05:43 --> Session: Class initialized using 'CodeIgniter\Session\Handlers\FileHandler' driver.
DEBUG - 2025-08-24 19:06:14 --> Session: Class initialized using 'CodeIgniter\Session\Handlers\FileHandler' driver.
DEBUG - 2025-08-24 19:06:14 --> Session: Class initialized using 'CodeIgniter\Session\Handlers\FileHandler' driver.
DEBUG - 2025-08-24 19:06:22 --> Session: Class initialized using 'CodeIgniter\Session\Handlers\FileHandler' driver.
DEBUG - 2025-08-24 19:06:25 --> Session: Class initialized using 'CodeIgniter\Session\Handlers\FileHandler' driver.
DEBUG - 2025-08-24 19:06:38 --> Session: Class initialized using 'CodeIgniter\Session\Handlers\FileHandler' driver.
DEBUG - 2025-08-24 19:06:54 --> Session: Class initialized using 'CodeIgniter\Session\Handlers\FileHandler' driver.
DEBUG - 2025-08-24 19:06:59 --> Session: Class initialized using 'CodeIgniter\Session\Handlers\FileHandler' driver.
DEBUG - 2025-08-24 19:07:08 --> Session: Class initialized using 'CodeIgniter\Session\Handlers\FileHandler' driver.
DEBUG - 2025-08-24 19:07:12 --> Session: Class initialized using 'CodeIgniter\Session\Handlers\FileHandler' driver.
DEBUG - 2025-08-24 19:07:28 --> Session: Class initialized using 'CodeIgniter\Session\Handlers\FileHandler' driver.
DEBUG - 2025-08-24 19:07:32 --> Session: Class initialized using 'CodeIgniter\Session\Handlers\FileHandler' driver.
DEBUG - 2025-08-24 19:07:34 --> Session: Class initialized using 'CodeIgniter\Session\Handlers\FileHandler' driver.
INFO - 2025-08-24 19:07:39 --> REDIRECTED ROUTE at https://gesid.id/
ERROR - 2025-08-24 19:07:44 --> mysqli_sql_exception: Unknown column 'updated_at' in 'field list' in /home/k9170490/gesid.id/system/Database/MySQLi/Connection.php:327
Stack trace:
#0 /home/k9170490/gesid.id/system/Database/MySQLi/Connection.php(327): mysqli->query()
#1 /home/k9170490/gesid.id/system/Database/BaseConnection.php(738): CodeIgniter\Database\MySQLi\Connection->execute()
#2 /home/k9170490/gesid.id/system/Database/BaseConnection.php(652): CodeIgniter\Database\BaseConnection->simpleQuery()
#3 /home/k9170490/gesid.id/system/Database/BaseBuilder.php(2345): CodeIgniter\Database\BaseConnection->query()
#4 /home/k9170490/gesid.id/system/Model.php(394): CodeIgniter\Database\BaseBuilder->insert()
#5 /home/k9170490/gesid.id/system/BaseModel.php(843): CodeIgniter\Model->doInsert()
#6 /home/k9170490/gesid.id/system/Model.php(800): CodeIgniter\BaseModel->insert()
#7 /home/k9170490/gesid.id/system/BaseModel.php(754): CodeIgniter\Model->insert()
#8 /home/k9170490/gesid.id/app/Controllers/EventController.php(60): CodeIgniter\BaseModel->save()
#9 /home/k9170490/gesid.id/system/CodeIgniter.php(933): App\Controllers\EventController->store()
#10 /home/k9170490/gesid.id/system/CodeIgniter.php(507): CodeIgniter\CodeIgniter->runController()
#11 /home/k9170490/gesid.id/system/CodeIgniter.php(354): CodeIgniter\CodeIgniter->handleRequest()
#12 /home/k9170490/gesid.id/system/Boot.php(334): CodeIgniter\CodeIgniter->run()
#13 /home/k9170490/gesid.id/system/Boot.php(67): CodeIgniter\Boot::runCodeIgniter()
#14 /home/k9170490/gesid.id/index.php(62): CodeIgniter\Boot::bootWeb()
#15 {main}
CRITICAL - 2025-08-24 19:07:44 --> CodeIgniter\Database\Exceptions\DatabaseException: Unknown column 'updated_at' in 'field list'
[Method: POST, Route: admin/events/store]
in SYSTEMPATH/Database/BaseConnection.php on line 692.
 1 SYSTEMPATH/Database/BaseBuilder.php(2345): CodeIgniter\Database\BaseConnection->query()
 2 SYSTEMPATH/Model.php(394): CodeIgniter\Database\BaseBuilder->insert()
 3 SYSTEMPATH/BaseModel.php(843): CodeIgniter\Model->doInsert()
 4 SYSTEMPATH/Model.php(800): CodeIgniter\BaseModel->insert()
 5 SYSTEMPATH/BaseModel.php(754): CodeIgniter\Model->insert()
 6 APPPATH/Controllers/EventController.php(60): CodeIgniter\BaseModel->save()
 7 SYSTEMPATH/CodeIgniter.php(933): App\Controllers\EventController->store()
 8 SYSTEMPATH/CodeIgniter.php(507): CodeIgniter\CodeIgniter->runController()
 9 SYSTEMPATH/CodeIgniter.php(354): CodeIgniter\CodeIgniter->handleRequest()
10 SYSTEMPATH/Boot.php(334): CodeIgniter\CodeIgniter->run()
11 SYSTEMPATH/Boot.php(67): CodeIgniter\Boot::runCodeIgniter()
12 FCPATH/index.php(62): CodeIgniter\Boot::bootWeb()
CRITICAL - 2025-08-24 19:07:44 --> [Caused by] CodeIgniter\Database\Exceptions\DatabaseException: Unknown column 'updated_at' in 'field list'
in SYSTEMPATH/Database/MySQLi/Connection.php on line 332.
 1 SYSTEMPATH/Database/BaseConnection.php(738): CodeIgniter\Database\MySQLi\Connection->execute()
 2 SYSTEMPATH/Database/BaseConnection.php(652): CodeIgniter\Database\BaseConnection->simpleQuery()
 3 SYSTEMPATH/Database/BaseBuilder.php(2345): CodeIgniter\Database\BaseConnection->query()
 4 SYSTEMPATH/Model.php(394): CodeIgniter\Database\BaseBuilder->insert()
 5 SYSTEMPATH/BaseModel.php(843): CodeIgniter\Model->doInsert()
 6 SYSTEMPATH/Model.php(800): CodeIgniter\BaseModel->insert()
 7 SYSTEMPATH/BaseModel.php(754): CodeIgniter\Model->insert()
 8 APPPATH/Controllers/EventController.php(60): CodeIgniter\BaseModel->save()
 9 SYSTEMPATH/CodeIgniter.php(933): App\Controllers\EventController->store()
10 SYSTEMPATH/CodeIgniter.php(507): CodeIgniter\CodeIgniter->runController()
11 SYSTEMPATH/CodeIgniter.php(354): CodeIgniter\CodeIgniter->handleRequest()
12 SYSTEMPATH/Boot.php(334): CodeIgniter\CodeIgniter->run()
13 SYSTEMPATH/Boot.php(67): CodeIgniter\Boot::runCodeIgniter()
14 FCPATH/index.php(62): CodeIgniter\Boot::bootWeb()
CRITICAL - 2025-08-24 19:07:44 --> [Caused by] mysqli_sql_exception: Unknown column 'updated_at' in 'field list'
in SYSTEMPATH/Database/MySQLi/Connection.php on line 327.
 1 SYSTEMPATH/Database/MySQLi/Connection.php(327): mysqli->query()
 2 SYSTEMPATH/Database/BaseConnection.php(738): CodeIgniter\Database\MySQLi\Connection->execute()
 3 SYSTEMPATH/Database/BaseConnection.php(652): CodeIgniter\Database\BaseConnection->simpleQuery()
 4 SYSTEMPATH/Database/BaseBuilder.php(2345): CodeIgniter\Database\BaseConnection->query()
 5 SYSTEMPATH/Model.php(394): CodeIgniter\Database\BaseBuilder->insert()
 6 SYSTEMPATH/BaseModel.php(843): CodeIgniter\Model->doInsert()
 7 SYSTEMPATH/Model.php(800): CodeIgniter\BaseModel->insert()
 8 SYSTEMPATH/BaseModel.php(754): CodeIgniter\Model->insert()
 9 APPPATH/Controllers/EventController.php(60): CodeIgniter\BaseModel->save()
10 SYSTEMPATH/CodeIgniter.php(933): App\Controllers\EventController->store()
11 SYSTEMPATH/CodeIgniter.php(507): CodeIgniter\CodeIgniter->runController()
12 SYSTEMPATH/CodeIgniter.php(354): CodeIgniter\CodeIgniter->handleRequest()
13 SYSTEMPATH/Boot.php(334): CodeIgniter\CodeIgniter->run()
14 SYSTEMPATH/Boot.php(67): CodeIgniter\Boot::runCodeIgniter()
15 FCPATH/index.php(62): CodeIgniter\Boot::bootWeb()
DEBUG - 2025-08-24 19:07:49 --> Session: Class initialized using 'CodeIgniter\Session\Handlers\FileHandler' driver.
DEBUG - 2025-08-24 19:07:52 --> Session: Class initialized using 'CodeIgniter\Session\Handlers\FileHandler' driver.
DEBUG - 2025-08-24 19:07:56 --> Session: Class initialized using 'CodeIgniter\Session\Handlers\FileHandler' driver.
DEBUG - 2025-08-24 19:08:02 --> Session: Class initialized using 'CodeIgniter\Session\Handlers\FileHandler' driver.
DEBUG - 2025-08-24 19:08:05 --> Session: Class initialized using 'CodeIgniter\Session\Handlers\FileHandler' driver.
DEBUG - 2025-08-24 19:08:10 --> Session: Class initialized using 'CodeIgniter\Session\Handlers\FileHandler' driver.
DEBUG - 2025-08-24 19:08:18 --> Session: Class initialized using 'CodeIgniter\Session\Handlers\FileHandler' driver.
DEBUG - 2025-08-24 19:08:20 --> Session: Class initialized using 'CodeIgniter\Session\Handlers\FileHandler' driver.
DEBUG - 2025-08-24 19:09:15 --> Session: Class initialized using 'CodeIgniter\Session\Handlers\FileHandler' driver.
DEBUG - 2025-08-24 19:09:36 --> Session: Class initialized using 'CodeIgniter\Session\Handlers\FileHandler' driver.
DEBUG - 2025-08-24 19:09:52 --> Session: Class initialized using 'CodeIgniter\Session\Handlers\FileHandler' driver.
DEBUG - 2025-08-24 19:10:07 --> Session: Class initialized using 'CodeIgniter\Session\Handlers\FileHandler' driver.
DEBUG - 2025-08-24 19:38:03 --> Session: Class initialized using 'CodeIgniter\Session\Handlers\FileHandler' driver.
DEBUG - 2025-08-24 19:38:45 --> Session: Class initialized using 'CodeIgniter\Session\Handlers\FileHandler' driver.
DEBUG - 2025-08-24 19:38:49 --> Session: Class initialized using 'CodeIgniter\Session\Handlers\FileHandler' driver.
DEBUG - 2025-08-24 19:38:51 --> Session: Class initialized using 'CodeIgniter\Session\Handlers\FileHandler' driver.
DEBUG - 2025-08-24 19:38:54 --> Session: Class initialized using 'CodeIgniter\Session\Handlers\FileHandler' driver.
DEBUG - 2025-08-24 19:39:01 --> Session: Class initialized using 'CodeIgniter\Session\Handlers\FileHandler' driver.
DEBUG - 2025-08-24 19:39:06 --> Session: Class initialized using 'CodeIgniter\Session\Handlers\FileHandler' driver.
DEBUG - 2025-08-24 19:39:09 --> Session: Class initialized using 'CodeIgniter\Session\Handlers\FileHandler' driver.
DEBUG - 2025-08-24 19:39:11 --> Session: Class initialized using 'CodeIgniter\Session\Handlers\FileHandler' driver.
DEBUG - 2025-08-24 19:39:13 --> Session: Class initialized using 'CodeIgniter\Session\Handlers\FileHandler' driver.
DEBUG - 2025-08-24 19:39:14 --> Session: Class initialized using 'CodeIgniter\Session\Handlers\FileHandler' driver.
DEBUG - 2025-08-24 19:39:16 --> Session: Class initialized using 'CodeIgniter\Session\Handlers\FileHandler' driver.
DEBUG - 2025-08-24 19:39:17 --> Session: Class initialized using 'CodeIgniter\Session\Handlers\FileHandler' driver.
DEBUG - 2025-08-24 19:39:18 --> Session: Class initialized using 'CodeIgniter\Session\Handlers\FileHandler' driver.
DEBUG - 2025-08-24 19:39:20 --> Session: Class initialized using 'CodeIgniter\Session\Handlers\FileHandler' driver.
DEBUG - 2025-08-24 19:39:21 --> Session: Class initialized using 'CodeIgniter\Session\Handlers\FileHandler' driver.
DEBUG - 2025-08-24 19:39:22 --> Session: Class initialized using 'CodeIgniter\Session\Handlers\FileHandler' driver.
DEBUG - 2025-08-24 19:39:24 --> Session: Class initialized using 'CodeIgniter\Session\Handlers\FileHandler' driver.
DEBUG - 2025-08-24 19:39:25 --> Session: Class initialized using 'CodeIgniter\Session\Handlers\FileHandler' driver.
DEBUG - 2025-08-24 19:39:27 --> Session: Class initialized using 'CodeIgniter\Session\Handlers\FileHandler' driver.
DEBUG - 2025-08-24 19:39:29 --> Session: Class initialized using 'CodeIgniter\Session\Handlers\FileHandler' driver.
